0 info it worked if it ends with ok
1 verbose cli [ '/usr/local/Cellar/node/0.10.15/bin/node',
1 verbose cli   '/usr/local/bin/npm',
1 verbose cli   'install',
1 verbose cli   'parse-express-cookie-session' ]
2 info using npm@1.3.5
3 info using node@v0.10.15
4 warn package.json Recccords@0.0.1 No description
5 warn package.json Recccords@0.0.1 No repository field.
6 warn package.json Recccords@0.0.1 No README data
7 warn package.json parse@1.2.8 No repository field.
8 verbose readDependencies using package.json deps
9 verbose cache add [ 'parse-express-cookie-session', null ]
10 verbose cache add name=undefined spec="parse-express-cookie-session" args=["parse-express-cookie-session",null]
11 verbose parsed url { protocol: null,
11 verbose parsed url   slashes: null,
11 verbose parsed url   auth: null,
11 verbose parsed url   host: null,
11 verbose parsed url   port: null,
11 verbose parsed url   hostname: null,
11 verbose parsed url   hash: null,
11 verbose parsed url   search: null,
11 verbose parsed url   query: null,
11 verbose parsed url   pathname: 'parse-express-cookie-session',
11 verbose parsed url   path: 'parse-express-cookie-session',
11 verbose parsed url   href: 'parse-express-cookie-session' }
12 silly lockFile 312df86b-parse-express-cookie-session parse-express-cookie-session
13 verbose lock parse-express-cookie-session /Users/bchao/.npm/312df86b-parse-express-cookie-session.lock
14 silly lockFile 312df86b-parse-express-cookie-session parse-express-cookie-session
15 silly lockFile 312df86b-parse-express-cookie-session parse-express-cookie-session
16 verbose addNamed [ 'parse-express-cookie-session', '' ]
17 verbose addNamed [ null, '*' ]
18 silly lockFile 72f65d21-parse-express-cookie-session parse-express-cookie-session@
19 verbose lock parse-express-cookie-session@ /Users/bchao/.npm/72f65d21-parse-express-cookie-session.lock
20 silly addNameRange { name: 'parse-express-cookie-session',
20 silly addNameRange   range: '*',
20 silly addNameRange   hasData: false }
21 verbose url raw parse-express-cookie-session
22 verbose url resolving [ 'https://registry.npmjs.org/',
22 verbose url resolving   './parse-express-cookie-session' ]
23 verbose url resolved https://registry.npmjs.org/parse-express-cookie-session
24 info trying registry request attempt 1 at 10:09:55
25 http GET https://registry.npmjs.org/parse-express-cookie-session
26 http 404 https://registry.npmjs.org/parse-express-cookie-session
27 silly registry.get cb [ 404,
27 silly registry.get   { server: 'CouchDB/1.3.1 (Erlang OTP/R15B03)',
27 silly registry.get     date: 'Sun, 10 Nov 2013 15:09:55 GMT',
27 silly registry.get     'content-type': 'application/json',
27 silly registry.get     'content-length': '52',
27 silly registry.get     'cache-control': 'must-revalidate' } ]
28 silly lockFile 72f65d21-parse-express-cookie-session parse-express-cookie-session@
29 silly lockFile 72f65d21-parse-express-cookie-session parse-express-cookie-session@
30 error 404 'parse-express-cookie-session' is not in the npm registry.
30 error 404 You should bug the author to publish it
30 error 404
30 error 404 Note that you can also install from a
30 error 404 tarball, folder, or http url, or git url.
31 error System Darwin 13.0.0
32 error command "/usr/local/Cellar/node/0.10.15/bin/node" "/usr/local/bin/npm" "install" "parse-express-cookie-session"
33 error cwd /Users/bchao/Desktop/node/recccords
34 error node -v v0.10.15
35 error npm -v 1.3.5
36 error code E404
37 verbose exit [ 1, true ]
